15:13:58.064 [main] INFO  - Web Page opens
15:13:58.154 [main] INFO  - Go to for individuals and search for course
15:13:58.158 [main] INFO  - Enter the course to search
15:14:36.927 [main] INFO  - The courses are displayed 
15:14:36.947 [main] INFO  - Apply the filter 
15:14:40.513 [main] INFO  - The courses are displayed after applying filter
15:14:40.543 [main] INFO  - User will select first two courses information
15:16:03.840 [main] INFO  - Display the course title , ratings and learning hours of the courses
15:16:03.957 [main] INFO  - Display the language count and languages
15:16:06.930 [main] INFO  - Display the levels count and levels
15:16:07.729 [main] INFO  - Click the For Enterprise
15:16:44.116 [main] INFO  - Navigating to For Enterprise page
15:16:44.117 [main] INFO  - Click on the solutions
15:16:47.703 [main] INFO  - The solutions overview is displayed
15:16:47.718 [main] INFO  - Coursera for campus is clicked
15:17:28.746 [main] INFO  - The details for campus solutions are presented
15:17:28.768 [main] INFO  - The user is on the campus inquiry page 
15:17:28.769 [main] INFO  - The user enters their personal and professional details into the form
15:17:54.830 [main] INFO  - Form is filled
15:17:54.831 [main] INFO  - Message will be displayed
15:17:55.023 [main] INFO  - Error message displayed
15:17:55.023 [main] INFO  - Form is not submitted
15:17:58.197 [main] INFO  - The user is on the campus inquiry page 
15:17:58.199 [main] INFO  - The user enters their personal and professional details into the form
15:18:23.832 [main] INFO  - Form is filled
15:18:23.833 [main] INFO  - Message will be displayed
15:18:23.985 [main] INFO  - Error message displayed
15:18:23.985 [main] INFO  - Form is not submitted
15:18:27.164 [main] INFO  - The user is on the campus inquiry page 
15:18:27.165 [main] INFO  - The user enters their personal and professional details into the form
15:18:52.452 [main] INFO  - Form is filled
15:18:52.453 [main] INFO  - Message will be displayed
15:18:52.592 [main] INFO  - Error message displayed
15:18:52.592 [main] INFO  - Form is not submitted
15:18:55.760 [main] INFO  - The user is on the campus inquiry page 
15:18:55.761 [main] INFO  - The user enters their personal and professional details into the form
15:19:21.213 [main] INFO  - Form is filled
15:19:21.214 [main] INFO  - Message will be displayed
15:19:21.363 [main] INFO  - Error message displayed
15:19:21.363 [main] INFO  - Form is not submitted
15:19:24.521 [main] INFO  - The user is on the campus inquiry page 
15:19:24.523 [main] INFO  - The user enters their personal and professional details into the form
15:19:50.187 [main] INFO  - Form is filled
15:19:50.188 [main] INFO  - Message will be displayed
15:20:40.411 [main] ERROR - Form is submitted successfully
15:20:40.411 [main] INFO  - Success message displayed
15:22:40.364 [main] INFO  - Web Page opens
15:22:40.546 [main] INFO  - Go to for individuals and search for course
15:22:40.549 [main] INFO  - Enter the course to search
15:23:18.986 [main] INFO  - The courses are displayed 
15:23:19.011 [main] INFO  - Apply the filter 
15:23:22.658 [main] INFO  - The courses are displayed after applying filter
15:23:22.669 [main] INFO  - User will select first two courses information
15:25:24.585 [main] INFO  - Display the course title , ratings and learning hours of the courses
15:25:24.720 [main] INFO  - Display the language count and languages
15:25:27.259 [main] INFO  - Display the levels count and levels
15:25:27.963 [main] INFO  - Click the For Enterprise
15:26:04.242 [main] INFO  - Navigating to For Enterprise page
15:26:04.243 [main] INFO  - Click on the solutions
15:26:07.896 [main] INFO  - The solutions overview is displayed
15:26:07.910 [main] INFO  - Coursera for campus is clicked
15:26:49.329 [main] INFO  - The details for campus solutions are presented
15:26:49.350 [main] INFO  - The user is on the campus inquiry page 
15:26:49.352 [main] INFO  - The user enters their personal and professional details into the form
15:27:15.192 [main] INFO  - Form is filled
15:27:15.193 [main] INFO  - Message will be displayed
15:27:15.354 [main] INFO  - Error message displayed
15:27:15.354 [main] INFO  - Form is not submitted
15:27:18.552 [main] INFO  - The user is on the campus inquiry page 
15:27:18.553 [main] INFO  - The user enters their personal and professional details into the form
15:27:43.877 [main] INFO  - Form is filled
15:27:43.877 [main] INFO  - Message will be displayed
15:27:44.028 [main] INFO  - Error message displayed
15:27:44.028 [main] INFO  - Form is not submitted
15:27:47.252 [main] INFO  - The user is on the campus inquiry page 
15:27:47.254 [main] INFO  - The user enters their personal and professional details into the form
15:28:12.545 [main] INFO  - Form is filled
15:28:12.545 [main] INFO  - Message will be displayed
15:28:12.687 [main] INFO  - Error message displayed
15:28:12.687 [main] INFO  - Form is not submitted
15:28:15.870 [main] INFO  - The user is on the campus inquiry page 
15:28:15.872 [main] INFO  - The user enters their personal and professional details into the form
15:29:21.603 [main] INFO  - The user is on the campus inquiry page 
15:29:21.605 [main] INFO  - The user enters their personal and professional details into the form
16:00:12.570 [main] INFO  - Web Page opens
16:00:12.632 [main] INFO  - Go to for individuals and search for course
16:00:12.636 [main] INFO  - Enter the course to search
16:01:02.789 [main] INFO  - Apply the filter 
16:01:52.853 [main] INFO  - User will select first two courses information
16:02:44.301 [main] INFO  - Display the language count and languages
16:04:24.414 [main] INFO  - Display the levels count and levels
16:06:04.512 [main] INFO  - Navigating to For Enterprise page
16:06:04.513 [main] INFO  - Click on the solutions
16:07:45.129 [main] INFO  - Coursera for campus is clicked
16:08:38.306 [main] INFO  - The user is on the campus inquiry page 
16:08:38.308 [main] INFO  - The user enters their personal and professional details into the form
16:09:28.621 [main] INFO  - The user is on the campus inquiry page 
16:09:28.623 [main] INFO  - The user enters their personal and professional details into the form
16:10:18.719 [main] INFO  - The user is on the campus inquiry page 
16:10:18.720 [main] INFO  - The user enters their personal and professional details into the form
16:11:08.838 [main] INFO  - The user is on the campus inquiry page 
16:11:08.840 [main] INFO  - The user enters their personal and professional details into the form
16:11:58.971 [main] INFO  - The user is on the campus inquiry page 
16:11:58.973 [main] INFO  - The user enters their personal and professional details into the form
16:14:09.159 [main] INFO  - Web Page opens
16:14:09.291 [main] INFO  - Go to for individuals and search for course
16:14:09.294 [main] INFO  - Enter the course to search
16:14:48.441 [main] INFO  - The courses are displayed 
16:14:48.456 [main] INFO  - Apply the filter 
16:14:52.245 [main] INFO  - The courses are displayed after applying filter
16:14:52.257 [main] INFO  - User will select first two courses information
16:16:15.757 [main] INFO  - Display the course title , ratings and learning hours of the courses
16:16:15.845 [main] INFO  - Display the language count and languages
16:16:18.897 [main] INFO  - Display the levels count and levels
16:16:19.691 [main] INFO  - Click the For Enterprise
16:17:09.761 [main] INFO  - Navigating to For Enterprise page
16:17:09.761 [main] INFO  - Click on the solutions
16:18:50.378 [main] INFO  - Coursera for campus is clicked
16:19:19.701 [main] INFO  - Web Page opens
16:19:19.766 [main] INFO  - Go to for individuals and search for course
16:19:19.771 [main] INFO  - Enter the course to search
16:19:43.452 [main] INFO  - The user is on the campus inquiry page 
16:19:43.453 [main] INFO  - The user enters their personal and professional details into the form
16:19:56.901 [main] INFO  - The courses are displayed 
16:19:56.920 [main] INFO  - Apply the filter 
16:20:00.641 [main] INFO  - The courses are displayed after applying filter
16:20:00.652 [main] INFO  - User will select first two courses information
16:20:33.590 [main] INFO  - The user is on the campus inquiry page 
16:20:33.590 [main] INFO  - The user enters their personal and professional details into the form
16:21:23.649 [main] INFO  - The user is on the campus inquiry page 
16:21:23.650 [main] INFO  - The user enters their personal and professional details into the form
16:21:39.723 [main] INFO  - Display the course title , ratings and learning hours of the courses
16:21:39.804 [main] INFO  - Display the language count and languages
16:21:41.601 [main] INFO  - Display the levels count and levels
16:21:42.080 [main] INFO  - Click the For Enterprise
16:22:13.684 [main] INFO  - The user is on the campus inquiry page 
16:22:13.685 [main] INFO  - The user enters their personal and professional details into the form
16:22:18.107 [main] INFO  - Navigating to For Enterprise page
16:22:18.109 [main] INFO  - Click on the solutions
16:22:21.633 [main] INFO  - The solutions overview is displayed
16:22:21.656 [main] INFO  - Coursera for campus is clicked
16:23:02.297 [main] INFO  - The details for campus solutions are presented
16:23:02.317 [main] INFO  - The user is on the campus inquiry page 
16:23:02.318 [main] INFO  - The user enters their personal and professional details into the form
16:23:03.769 [main] INFO  - The user is on the campus inquiry page 
16:23:03.770 [main] INFO  - The user enters their personal and professional details into the form
16:23:27.769 [main] INFO  - Form is filled
16:23:27.770 [main] INFO  - Message will be displayed
16:23:27.983 [main] INFO  - Error message displayed
16:23:27.984 [main] INFO  - Form is not submitted
16:23:31.187 [main] INFO  - The user is on the campus inquiry page 
16:23:31.188 [main] INFO  - The user enters their personal and professional details into the form
16:23:56.086 [main] INFO  - Form is filled
16:23:56.087 [main] INFO  - Message will be displayed
16:23:56.333 [main] INFO  - Error message displayed
16:23:56.333 [main] INFO  - Form is not submitted
16:23:59.557 [main] INFO  - The user is on the campus inquiry page 
16:23:59.558 [main] INFO  - The user enters their personal and professional details into the form
16:24:25.202 [main] INFO  - Form is filled
16:24:25.203 [main] INFO  - Message will be displayed
16:24:25.342 [main] INFO  - Error message displayed
16:24:25.342 [main] INFO  - Form is not submitted
16:24:28.499 [main] INFO  - The user is on the campus inquiry page 
16:24:28.500 [main] INFO  - The user enters their personal and professional details into the form
16:24:53.759 [main] INFO  - Form is filled
16:24:53.761 [main] INFO  - Message will be displayed
16:24:54.037 [main] INFO  - Error message displayed
16:24:54.038 [main] INFO  - Form is not submitted
16:24:57.227 [main] INFO  - The user is on the campus inquiry page 
16:24:57.228 [main] INFO  - The user enters their personal and professional details into the form
16:25:22.050 [main] INFO  - Form is filled
16:25:22.051 [main] INFO  - Message will be displayed
16:26:12.225 [main] ERROR - Form is submitted successfully
16:26:12.225 [main] INFO  - Success message displayed
16:47:27.693 [main] INFO  - Web Page opens
16:47:27.757 [main] INFO  - Go to for individuals and search for course
16:47:27.759 [main] INFO  - Enter the course to search
16:48:05.573 [main] INFO  - The courses are displayed 
16:48:05.595 [main] INFO  - Apply the filter 
16:48:09.386 [main] INFO  - The courses are displayed after applying filter
16:48:09.393 [main] INFO  - User will select first two courses information
16:49:45.527 [main] INFO  - Display the course title , ratings and learning hours of the courses
16:49:45.610 [main] INFO  - Display the language count and languages
16:49:47.317 [main] INFO  - Display the levels count and levels
16:49:47.783 [main] INFO  - Click the For Enterprise
16:50:23.046 [main] INFO  - Navigating to For Enterprise page
16:50:23.047 [main] INFO  - Click on the solutions
16:50:26.476 [main] INFO  - The solutions overview is displayed
16:50:26.487 [main] INFO  - Coursera for campus is clicked
16:51:06.705 [main] INFO  - The details for campus solutions are presented
16:51:06.722 [main] INFO  - The user is on the campus inquiry page 
16:51:06.724 [main] INFO  - The user enters their personal and professional details into the form
16:51:15.748 [main] INFO  - Form is filled
16:51:15.748 [main] INFO  - Message will be displayed
16:51:15.958 [main] INFO  - Error message displayed
16:51:15.958 [main] INFO  - Form is not submitted
16:51:19.154 [main] INFO  - The user is on the campus inquiry page 
16:51:19.157 [main] INFO  - The user enters their personal and professional details into the form
16:51:27.956 [main] INFO  - Form is filled
16:51:27.957 [main] INFO  - Message will be displayed
16:51:28.132 [main] INFO  - Error message displayed
16:51:28.132 [main] INFO  - Form is not submitted
16:51:31.420 [main] INFO  - The user is on the campus inquiry page 
16:51:31.421 [main] INFO  - The user enters their personal and professional details into the form
16:51:39.900 [main] INFO  - Form is filled
16:51:39.901 [main] INFO  - Message will be displayed
16:51:40.054 [main] INFO  - Error message displayed
16:51:40.054 [main] INFO  - Form is not submitted
16:51:43.249 [main] INFO  - The user is on the campus inquiry page 
16:51:43.250 [main] INFO  - The user enters their personal and professional details into the form
16:51:51.630 [main] INFO  - Form is filled
16:51:51.630 [main] INFO  - Message will be displayed
16:51:51.748 [main] INFO  - Error message displayed
16:51:51.748 [main] INFO  - Form is not submitted
16:51:54.878 [main] INFO  - The user is on the campus inquiry page 
16:51:54.879 [main] INFO  - The user enters their personal and professional details into the form
16:52:03.835 [main] INFO  - Form is filled
16:52:03.836 [main] INFO  - Message will be displayed
16:52:54.020 [main] ERROR - Form is submitted successfully
16:52:54.020 [main] INFO  - Success message displayed
17:00:46.531 [main] INFO  - Web Page opens
17:00:46.628 [main] INFO  - Go to for individuals and search for course
17:00:46.633 [main] INFO  - Enter the course to search
17:01:36.803 [main] INFO  - Apply the filter 
17:02:26.897 [main] INFO  - User will select first two courses information
17:03:19.182 [main] INFO  - Display the levels count and levels
17:04:59.276 [main] INFO  - Navigating to For Enterprise page
17:04:59.277 [main] INFO  - Click on the solutions
17:06:39.900 [main] INFO  - Coursera for campus is clicked
17:07:32.996 [main] INFO  - The user is on the campus inquiry page 
17:07:32.998 [main] INFO  - The user enters their personal and professional details into the form
17:09:20.797 [main] INFO  - Web Page opens
17:09:20.883 [main] INFO  - Go to for individuals and search for course
17:09:20.888 [main] INFO  - Enter the course to search
17:10:10.987 [main] INFO  - Apply the filter 
17:11:01.089 [main] INFO  - User will select first two courses information
17:11:52.546 [main] INFO  - Display the language count and languages
17:13:32.707 [main] INFO  - Display the levels count and levels
17:15:12.815 [main] INFO  - Navigating to For Enterprise page
17:15:12.816 [main] INFO  - Click on the solutions
17:16:53.480 [main] INFO  - Coursera for campus is clicked
17:17:46.570 [main] INFO  - The user is on the campus inquiry page 
17:17:46.573 [main] INFO  - The user enters their personal and professional details into the form
17:18:36.870 [main] INFO  - The user is on the campus inquiry page 
17:18:36.872 [main] INFO  - The user enters their personal and professional details into the form
17:19:26.994 [main] INFO  - The user is on the campus inquiry page 
17:19:26.996 [main] INFO  - The user enters their personal and professional details into the form
17:20:17.146 [main] INFO  - The user is on the campus inquiry page 
17:20:17.147 [main] INFO  - The user enters their personal and professional details into the form
17:21:07.318 [main] INFO  - The user is on the campus inquiry page 
17:21:07.320 [main] INFO  - The user enters their personal and professional details into the form
